<?xml version="1.0" encoding="UTF-8"?>
<!-- Generated by org.testng.reporters.JUnitReportReporter -->
<testsuite hostname="DESKTOP-8JRLSE1" failures="0" tests="3" name="TestNgPackage.practiceProgram" time="0.014" errors="0" timestamp="2024-11-04T20:00:22 IST" skipped="0">
  <testcase classname="TestNgPackage.practiceProgram" name="shwetha" time="0.001"/>
  <system-out>
    <![CDATA[shwetha executed]]>
  </system-out>
  <testcase classname="TestNgPackage.practiceProgram" name="sandeepa" time="0.011"/>
  <system-out>
    <![CDATA[sandeepa executed]]>
  </system-out>
  <testcase classname="TestNgPackage.practiceProgram" name="sneha" time="0.002"/>
  <system-out>
    <![CDATA[sneha executed]]>
  </system-out>
</testsuite> <!-- TestNgPackage.practiceProgram -->
