<?xml version="1.0" encoding="UTF-8"?>
<!-- Generated by org.testng.reporters.JUnitReportReporter -->
<testsuite hostname="DESKTOP-8JRLSE1" failures="0" tests="3" name="TestNgPackage.toLearnPriorityMethods" time="0.010" errors="0" timestamp="2024-10-28T16:28:44 IST" skipped="0">
  <testcase classname="TestNgPackage.toLearnPriorityMethods" name="CreateAccount" time="0.009"/>
  <system-out>
    <![CDATA[Account Created]]>
  </system-out>
  <testcase classname="TestNgPackage.toLearnPriorityMethods" name="deleteAccount" time="0.001"/>
  <system-out>
    <![CDATA[Account deleted]]>
  </system-out>
  <testcase classname="TestNgPackage.toLearnPriorityMethods" name="editAccount" time="0.000"/>
  <system-out>
    <![CDATA[Account edited]]>
  </system-out>
</testsuite> <!-- TestNgPackage.toLearnPriorityMethods -->
