<?xml version="1.0" encoding="UTF-8"?>
<!-- Generated by org.testng.reporters.JUnitReportReporter -->
<testsuite hostname="DESKTOP-8JRLSE1" failures="0" tests="5" name="TestNgPackage.myPracticeTestNg" time="0.006" errors="0" timestamp="2024-11-04T20:00:22 IST" skipped="0">
  <testcase classname="TestNgPackage.myPracticeTestNg" name="methodSeven" time="0.001"/>
  <system-out>
    <![CDATA[Method Seven started]]>
  </system-out>
  <testcase classname="TestNgPackage.myPracticeTestNg" name="methodEight" time="0.003"/>
  <system-out>
    <![CDATA[Method Eight started]]>
  </system-out>
  <testcase classname="TestNgPackage.myPracticeTestNg" name="methodSix" time="0.001"/>
  <system-out>
    <![CDATA[Method Six started]]>
  </system-out>
  <testcase classname="TestNgPackage.myPracticeTestNg" name="methodFive" time="0.000"/>
  <system-out>
    <![CDATA[Method Five started]]>
  </system-out>
  <testcase classname="TestNgPackage.myPracticeTestNg" name="methodFive" time="0.001"/>
  <system-out>
    <![CDATA[Method Five started]]>
  </system-out>
</testsuite> <!-- TestNgPackage.myPracticeTestNg -->
